<?xml version="1.0" encoding="UTF-8"?>
<!-- Generated by org.testng.reporters.JUnitReportReporter -->
<testsuite hostname="DESKTOP-QLMCBTG" failures="0" tests="3" name="Basics.DynamicJson" time="4.358" errors="0" timestamp="2024-04-29T16:46:25 IST" skipped="0">
  <testcase classname="Basics.DynamicJson" name="addBook" time="0.240"/>
  <testcase classname="Basics.DynamicJson" name="addBook" time="0.174"/>
  <testcase classname="Basics.DynamicJson" name="addBook" time="3.944"/>
</testsuite> <!-- Basics.DynamicJson -->
