<?xml version="1.0" encoding="UTF-8"?>
<!-- Generated by org.testng.reporters.JUnitReportReporter -->
<testsuite hostname="DESKTOP-QLMCBTG" failures="0" tests="1" name="Basics.SumValidation" time="1.951" errors="0" timestamp="2024-04-26T16:28:51 IST" skipped="0">
  <testcase classname="Basics.SumValidation" name="sumofCourses" time="1.951"/>
</testsuite> <!-- Basics.SumValidation -->
