<?xml version="1.0" encoding="UTF-8"?>
<!-- Generated by org.testng.reporters.JUnitReportReporter -->
<testsuite hostname="DESKTOP-QLMCBTG" failures="0" tests="1" name="Basics.Build_Rest_Api_Automation_Test" time="6.180" errors="0" timestamp="2024-04-25T17:06:49 IST" skipped="0">
  <testcase classname="Basics.Build_Rest_Api_Automation_Test" name="restapi" time="6.180"/>
</testsuite> <!-- Basics.Build_Rest_Api_Automation_Test -->
