<?xml version="1.0" encoding="UTF-8"?>
<!-- Generated by org.testng.reporters.JUnitReportReporter -->
<testsuite hostname="DESKTOP-QLMCBTG" failures="0" tests="1" name="Basics.Build_Rest_Api_Automation_Test" time="3.305" errors="0" timestamp="2024-04-22T15:27:44 IST" skipped="0">
  <testcase classname="Basics.Build_Rest_Api_Automation_Test" name="restapi" time="3.305"/>
</testsuite> <!-- Basics.Build_Rest_Api_Automation_Test -->
